1: [50, 21]
2: [50, 21, 18]
3: [50, 21, 18, 29]
=====
4: [21, 18]
5: [21, 18, 29]
=====
6: [18, 29]
=====
7: [29, 48]
=====
8: [48, 87]
=====
9: [87, 101]
=====
10: [101, 26]
11: [101, 26, 39]
=====
12: [26, 39]
=====
13: [39, 67]
=====
14: [67, 97]
=====
15: [97, 86]
16: [97, 86, 7]
17: [97, 86, 7, 89]
=====
18: [86, 7]
19: [86, 7, 89]
=====
20: [7, 89]
=====
21: [89, 99]
=====
22: [99, 64]
23: [99, 64, 19]
24: [99, 64, 19, 6]
25: [99, 64, 19, 6, 119]
=====
26: [64, 19]
27: [64, 19, 6]
28: [64, 19, 6, 119]
=====
29: [19, 6]
30: [19, 6, 119]
=====
31: [6, 119]
=====
32: [119, 12]
33: [119, 12, 111]
=====
34: [12, 111]
=====
35: [111, 113]
=====
36: [113, 92]
37: [113, 92, 16]
38: [113, 92, 16, 123]
=====
39: [92, 16]
40: [92, 16, 123]
=====
41: [16, 123]
=====
42: [123, 94]
43: [123, 94, 84]
44: [123, 94, 84, 1]
45: [123, 94, 84, 1, 82]
=====
46: [94, 84]
47: [94, 84, 1]
48: [94, 84, 1, 82]
=====
49: [84, 1]
50: [84, 1, 82]
=====
51: [1, 82]
=====
52: [82, 117]
=====
53: [117, 122]
=====
54: [122, 54]
55: [122, 54, 30]
56: [122, 54, 30, 96]
=====
57: [54, 30]
58: [54, 30, 96]
=====
59: [30, 96]
=====
60: [96, 40]
61: [96, 40, 105]
=====
62: [40, 105]
=====
63: [105, 70]
64: [105, 70, 53]
65: [105, 70, 53, 4]
66: [105, 70, 53, 4, 60]
=====
67: [70, 53]
68: [70, 53, 4]
69: [70, 53, 4, 60]
=====
70: [53, 4]
71: [53, 4, 60]
=====
72: [4, 60]
=====
73: [60, 128]
=====
74: [128, 108]
75: [128, 108, 3]
76: [128, 108, 3, 65]
=====
77: [108, 3]
78: [108, 3, 65]
=====
79: [3, 65]
=====
80: [65, 56]
81: [65, 56, 114]
=====
82: [56, 114]
=====
83: [114, 24]
84: [114, 24, 80]
=====
85: [24, 80]
=====
86: [80, 78]
87: [80, 78, 35]
88: [80, 78, 35, 44]
=====
89: [78, 35]
90: [78, 35, 44]
=====
91: [35, 44]
=====
92: [44, 51]
=====
93: [51, 77]
=====
94: [77, 107]
=====
95: [107, 36]
96: [107, 36, 57]
=====
97: [36, 57]
=====
98: [57, 100]
=====
99: [100, 47]
100: [100, 47, 22]
101: [100, 47, 22, 109]
=====
102: [47, 22]
103: [47, 22, 109]
=====
104: [22, 109]
=====
105: [109, 79]
106: [109, 79, 83]
=====
107: [79, 83]
=====
108: [83, 76]
109: [83, 76, 74]
110: [83, 76, 74, 112]
=====
111: [76, 74]
112: [76, 74, 112]
=====
113: [74, 112]
=====
114: [112, 121]
=====
115: [121, 27]
116: [121, 27, 125]
=====
117: [27, 125]
=====
118: [125, 49]
119: [125, 49, 129]
=====
120: [49, 129]
=====
121: [129, 68]
122: [129, 68, 93]
=====
123: [68, 93]
=====
124: [93, 63]
125: [93, 63, 62]
126: [93, 63, 62, 59]
127: [93, 63, 62, 59, 37]
128: [93, 63, 62, 59, 37, 120]
=====
129: [63, 62]
130: [63, 62, 59]
131: [63, 62, 59, 37]
132: [63, 62, 59, 37, 120]
=====
133: [62, 59]
134: [62, 59, 37]
135: [62, 59, 37, 120]
=====
136: [59, 37]
137: [59, 37, 120]
=====
138: [37, 120]
=====
139: [120, 85]
140: [120, 85, 52]
141: [120, 85, 52, 106]
=====
142: [85, 52]
143: [85, 52, 106]
=====
144: [52, 106]
=====
145: [106, 13]
146: [106, 13, 14]
=====
147: [13, 14]
=====
148: [14, 45]
=====
149: [45, 5]
150: [45, 5, 127]
=====
151: [5, 127]
=====
152: [127, 124]
153: [127, 124, 98]
154: [127, 124, 98, 20]
155: [127, 124, 98, 20, 41]
=====
156: [124, 98]
157: [124, 98, 20]
158: [124, 98, 20, 41]
=====
159: [98, 20]
160: [98, 20, 41]
=====
161: [20, 41]
=====
162: [41, 33]
163: [41, 33, 69]
=====
164: [33, 69]
=====
165: [69, 110]
=====
166: [110, 75]
167: [110, 75, 73]
168: [110, 75, 73, 23]
169: [110, 75, 73, 23, 126]
=====
170: [75, 73]
171: [75, 73, 23]
172: [75, 73, 23, 126]
=====
173: [73, 23]
174: [73, 23, 126]
=====
175: [23, 126]
=====
176: [126, 118]
177: [126, 118, 43]
178: [126, 118, 43, 81]
=====
179: [118, 43]
180: [118, 43, 81]
=====
181: [43, 81]
=====
182: [81, 42]
183: [81, 42, 115]
=====
184: [42, 115]
=====
185: [115, 15]
186: [115, 15, 38]
=====
187: [15, 38]
=====
188: [38, 72]
=====
189: [72, 130]
=====
190: [130, 9]
191: [130, 9, 32]
=====
192: [9, 32]
=====
193: [32, 61]
=====
194: [61, 17]
195: [61, 17, 102]
=====
196: [17, 102]
=====
197: [102, 10]
198: [102, 10, 116]
=====
199: [10, 116]
=====
200: [116, 88]
201: [116, 88, 11]
202: [116, 88, 11, 34]
=====
203: [88, 11]
204: [88, 11, 34]
=====
205: [11, 34]
=====
206: [34, 103]
=====
207: [103, 31]
208: [103, 31, 90]
=====
209: [31, 90]
=====
210: [90, 66]
211: [90, 66, 95]
=====
212: [66, 95]
=====
213: [95, 58]
214: [95, 58, 91]
=====
215: [58, 91]
=====
216: [91, 25]
217: [91, 25, 8]
218: [91, 25, 8, 55]
=====
219: [25, 8]
220: [25, 8, 55]
=====
221: [8, 55]
=====
=====
221
